Start testing: Feb 02 10:32 EST
----------------------------------------------------------
1/2 Testing: test_ChannelModel2
1/2 Test: test_ChannelModel2
Command: "/bin/sh" "/home/jason/gr-ChannelModel2/build/lib/test_ChannelModel2_test.sh"
Directory: /home/jason/gr-ChannelModel2/build/lib
"test_ChannelModel2" start time: Feb 02 10:32 EST
Output:
----------------------------------------------------------


<end of output>
Test time =   0.03 sec
----------------------------------------------------------
Test Passed.
"test_ChannelModel2" end time: Feb 02 10:32 EST
"test_ChannelModel2" time elapsed: 00:00:00
----------------------------------------------------------

2/2 Testing: qa_ChannelModel2_ff
2/2 Test: qa_ChannelModel2_ff
Command: "/bin/sh" "/home/jason/gr-ChannelModel2/build/python/qa_ChannelModel2_ff_test.sh"
Directory: /home/jason/gr-ChannelModel2/build/python
"qa_ChannelModel2_ff" start time: Feb 02 10:32 EST
Output:
----------------------------------------------------------
.
----------------------------------------------------------------------
Ran 1 test in 0.001s

OK
<end of output>
Test time =   0.35 sec
----------------------------------------------------------
Test Passed.
"qa_ChannelModel2_ff" end time: Feb 02 10:32 EST
"qa_ChannelModel2_ff" time elapsed: 00:00:00
----------------------------------------------------------

End testing: Feb 02 10:32 EST
